mode: set
C:\Users\rabbit\Desktop\hw\learngo\container\maps\basic\basic.go:4.50,10.33 4 1
C:\Users\rabbit\Desktop\hw\learngo\container\maps\basic\basic.go:20.2,20.18 1 1
C:\Users\rabbit\Desktop\hw\learngo\container\maps\basic\basic.go:10.33,11.63 1 1
C:\Users\rabbit\Desktop\hw\learngo\container\maps\basic\basic.go:15.3,15.32 1 1
C:\Users\rabbit\Desktop\hw\learngo\container\maps\basic\basic.go:18.3,18.22 1 1
C:\Users\rabbit\Desktop\hw\learngo\container\maps\basic\basic.go:11.63,13.4 1 1
C:\Users\rabbit\Desktop\hw\learngo\container\maps\basic\basic.go:15.32,17.4 1 1
